[ 2026-04-19 20:27:12,838 ] 106 __main__ - INFO - Connection to database established
[ 2026-04-19 20:27:12,838 ] 109 __main__ - INFO - Creating vendor_sales_summary table in Database
[ 2026-04-19 20:27:31,316 ] 111 __main__ - INFO - vendor_sales_summary table created successfully
   VendorNumber                   VendorName  Brand  ... TotalSalesPrice  TotalExciseTax  FreightCost
0          1128  BROWN-FORMAN CORP             1233  ...       672819.31       260999.20     68601.68
1          4425        MARTIGNETTI COMPANIES   3405  ...       561512.37       294438.66    144929.24
2         17035  PERNOD RICARD USA             8068  ...       461140.15       343854.07    123780.22
3          3960  DIAGEO NORTH AMERICA INC      4261  ...       420050.01       368242.80    257032.07
4          3960  DIAGEO NORTH AMERICA INC      3545  ...       545778.28       249587.83    257032.07

[5 rows x 14 columns]
[ 2026-04-19 20:27:31,316 ] 114 __main__ - INFO - Cleaning vendor_sales_summary table
[ 2026-04-19 20:27:31,339 ] 116 __main__ - INFO - vendor_sales_summary table cleaned successfully
   VendorNumber                VendorName  Brand  ... ProfitMargin  StockTurnover  SalesToPurchaseRatio
0          1128         BROWN-FORMAN CORP   1233  ...    25.297693       0.979108              1.338647
1          4425     MARTIGNETTI COMPANIES   3405  ...    21.062810       0.976890              1.266830
2         17035         PERNOD RICARD USA   8068  ...    24.675786       0.998575              1.327594
3          3960  DIAGEO NORTH AMERICA INC   4261  ...    27.139908       0.993703              1.372493
4          3960  DIAGEO NORTH AMERICA INC   3545  ...    28.412764       0.983556              1.396897

[5 rows x 18 columns]
[ 2026-04-19 20:27:31,339 ] 119 __main__ - INFO - Ingesting cleaned vendor_sales_summary table into Database
[ 2026-04-19 20:27:31,489 ] 121 __main__ - INFO - vendor_sales_summary table ingested successfully in Database
[ 2026-04-19 20:27:31,489 ] 129 __main__ - INFO - Database connection closed
