[ 2026-04-18 14:30:27,025 ] 25 __main__ - INFO - ingesting begin_inventory.csv in Database
[ 2026-04-18 14:30:27,025 ] 13 __main__ - INFO - Ingesting begin_inventory table into Database
[ 2026-04-18 14:30:28,167 ] 17 __main__ - INFO - begin_inventory table ingested successfully in Database
[ 2026-04-18 14:30:29,118 ] 25 __main__ - INFO - ingesting end_inventory.csv in Database
[ 2026-04-18 14:30:29,118 ] 13 __main__ - INFO - Ingesting end_inventory table into Database
[ 2026-04-18 14:30:30,425 ] 17 __main__ - INFO - end_inventory table ingested successfully in Database
[ 2026-04-18 14:30:49,089 ] 25 __main__ - INFO - ingesting purchases.csv in Database
[ 2026-04-18 14:30:49,092 ] 13 __main__ - INFO - Ingesting purchases table into Database
[ 2026-04-18 14:31:17,064 ] 17 __main__ - INFO - purchases table ingested successfully in Database
[ 2026-04-18 14:31:17,454 ] 25 __main__ - INFO - ingesting purchase_prices.csv in Database
[ 2026-04-18 14:31:17,454 ] 13 __main__ - INFO - Ingesting purchase_prices table into Database
[ 2026-04-18 14:31:17,526 ] 17 __main__ - INFO - purchase_prices table ingested successfully in Database
[ 2026-04-18 14:36:29,156 ] 25 __main__ - INFO - ingesting sales.csv in Database
[ 2026-04-18 14:36:29,174 ] 13 __main__ - INFO - Ingesting sales table into Database
[ 2026-04-18 14:43:57,160 ] 17 __main__ - INFO - sales table ingested successfully in Database
[ 2026-04-18 14:44:04,383 ] 25 __main__ - INFO - ingesting vendor_invoice.csv in Database
[ 2026-04-18 14:44:04,383 ] 13 __main__ - INFO - Ingesting vendor_invoice table into Database
[ 2026-04-18 14:44:04,521 ] 17 __main__ - INFO - vendor_invoice table ingested successfully in Database
[ 2026-04-18 14:44:04,521 ] 29 __main__ - INFO - ----------ingestion complete----------
[ 2026-04-18 14:44:04,522 ] 30 __main__ - INFO - Total time taken in 13.642031081517537 minutes.
