[ 2026-04-18 14:06:53,806 ] 106 __main__ - INFO - Connection to database established
[ 2026-04-18 14:06:53,806 ] 109 __main__ - INFO - Creating vendor_sales_summary table in Database
[ 2026-04-18 14:07:06,528 ] 111 __main__ - INFO - vendor_sales_summary table created successfully
   VendorNumber                   VendorName  Brand              Description  ...  TotalSalesDollars  TotalSalesPrice TotalExciseTax  FreightCost
0          1128  BROWN-FORMAN CORP             1233  Jack Daniels No 7 Black  ...       5.101920e+06        672819.31      260999.20     68601.68
1          4425        MARTIGNETTI COMPANIES   3405    Tito's Handmade Vodka  ...       4.819073e+06        561512.37      294438.66    144929.24
2         17035  PERNOD RICARD USA             8068         Absolut 80 Proof  ...       4.538121e+06        461140.15      343854.07    123780.22
3          3960  DIAGEO NORTH AMERICA INC      4261   Capt Morgan Spiced Rum  ...       4.475973e+06        420050.01      368242.80    257032.07
4          3960  DIAGEO NORTH AMERICA INC      3545          Ketel One Vodka  ...       4.223108e+06        545778.28      249587.83    257032.07

[5 rows x 14 columns]
[ 2026-04-18 14:07:06,531 ] 114 __main__ - INFO - Cleaning vendor_sales_summary table
[ 2026-04-18 14:07:06,551 ] 116 __main__ - INFO - vendor_sales_summary table cleaned successfully
   VendorNumber                VendorName  Brand              Description  ...  GrossProfit  ProfitMargin  StockTurnover  SalesToPurchaseRatio
0          1128         BROWN-FORMAN CORP   1233  Jack Daniels No 7 Black  ...   1290667.91     25.297693       0.979108              1.338647
1          4425     MARTIGNETTI COMPANIES   3405    Tito's Handmade Vodka  ...   1015032.27     21.062810       0.976890              1.266830
2         17035         PERNOD RICARD USA   8068         Absolut 80 Proof  ...   1119816.92     24.675786       0.998575              1.327594
3          3960  DIAGEO NORTH AMERICA INC   4261   Capt Morgan Spiced Rum  ...   1214774.94     27.139908       0.993703              1.372493
4          3960  DIAGEO NORTH AMERICA INC   3545          Ketel One Vodka  ...   1199901.61     28.412764       0.983556              1.396897

[5 rows x 18 columns]
[ 2026-04-18 14:07:06,551 ] 119 __main__ - INFO - Ingesting cleaned vendor_sales_summary table into Database
[ 2026-04-18 14:07:06,688 ] 121 __main__ - INFO - vendor_sales_summary table ingested successfully in Database
[ 2026-04-18 14:07:06,689 ] 129 __main__ - INFO - Database connection closed
